[      83ms] [ERROR] Unrecognized Content-Security-Policy directive 'prefetch-src'. @ https://app.aikido.dev/settings/account:0
[     869ms] [ERROR] Loading the image 'https://github.com/' violates the following Content Security Policy directive: "img-src 'self' data: blob: https://site-admin-avatar-cdn.prod.public.atl-paas.net/avatars/ https://api.atlassian.com/ex/jira/ https://static.intercomassets.com https://avatar-management--avatars.us-west-2.prod.public.atl-paas.net/ https://aikido-production-staticfiles-public.s3.eu-west-1.amazonaws.com/flags/ https://public.linear.app/3e49ffe7-6d8a-4461-87e6-51db22880264/b56a87f8-51d0-4b41-804e-9df63b3cafe7 https://*.intercomcdn.com https://static.intercomassets.com https://js.intercomcdn.com https://avatars.githubusercontent.com https://cdn.aikido.dev https://secure.gravatar.com https://track-eu1.hubspot.com/". The action has been blocked. @ https://app.aikido.dev/settings/account:0
[     983ms] [ERROR] Unrecognized Content-Security-Policy directive 'prefetch-src'. @ https://widget.intercom.io/widget/j0dzii6j:0
[     984ms] [ERROR] Unrecognized Content-Security-Policy directive 'prefetch-src'. @ https://widget.intercom.io/widget/j0dzii6j:0
[   15311ms] [ERROR] Unrecognized Content-Security-Policy directive 'prefetch-src'. @ https://app.aikido.dev/settings/account:0
[   17141ms] [ERROR] Loading the image 'https://github.com/' violates the following Content Security Policy directive: "img-src 'self' data: blob: https://site-admin-avatar-cdn.prod.public.atl-paas.net/avatars/ https://api.atlassian.com/ex/jira/ https://static.intercomassets.com https://avatar-management--avatars.us-west-2.prod.public.atl-paas.net/ https://aikido-production-staticfiles-public.s3.eu-west-1.amazonaws.com/flags/ https://public.linear.app/3e49ffe7-6d8a-4461-87e6-51db22880264/b56a87f8-51d0-4b41-804e-9df63b3cafe7 https://*.intercomcdn.com https://static.intercomassets.com https://js.intercomcdn.com https://avatars.githubusercontent.com https://cdn.aikido.dev https://secure.gravatar.com https://track-eu1.hubspot.com/". The action has been blocked. @ https://app.aikido.dev/settings/account:0
[   17243ms] [ERROR] Unrecognized Content-Security-Policy directive 'prefetch-src'. @ https://widget.intercom.io/widget/j0dzii6j:0
[   17243ms] [ERROR] Unrecognized Content-Security-Policy directive 'prefetch-src'. @ https://widget.intercom.io/widget/j0dzii6j:0
[   25664ms] [ERROR] Unrecognized Content-Security-Policy directive 'prefetch-src'. @ https://app.aikido.dev/settings/account:0
[   27538ms] [ERROR] Loading the image 'https://github.com/' violates the following Content Security Policy directive: "img-src 'self' data: blob: https://site-admin-avatar-cdn.prod.public.atl-paas.net/avatars/ https://api.atlassian.com/ex/jira/ https://static.intercomassets.com https://avatar-management--avatars.us-west-2.prod.public.atl-paas.net/ https://aikido-production-staticfiles-public.s3.eu-west-1.amazonaws.com/flags/ https://public.linear.app/3e49ffe7-6d8a-4461-87e6-51db22880264/b56a87f8-51d0-4b41-804e-9df63b3cafe7 https://*.intercomcdn.com https://static.intercomassets.com https://js.intercomcdn.com https://avatars.githubusercontent.com https://cdn.aikido.dev https://secure.gravatar.com https://track-eu1.hubspot.com/". The action has been blocked. @ https://app.aikido.dev/settings/account:0
[   27647ms] [ERROR] Unrecognized Content-Security-Policy directive 'prefetch-src'. @ https://widget.intercom.io/widget/j0dzii6j:0
[   27648ms] [ERROR] Unrecognized Content-Security-Policy directive 'prefetch-src'. @ https://widget.intercom.io/widget/j0dzii6j:0
[  452299ms] [ERROR] Unrecognized Content-Security-Policy directive 'prefetch-src'. @ https://app.aikido.dev/repositories:0
[  453724ms] [ERROR] Unrecognized Content-Security-Policy directive 'prefetch-src'. @ https://widget.intercom.io/widget/j0dzii6j:0
[  453725ms] [ERROR] Unrecognized Content-Security-Policy directive 'prefetch-src'. @ https://widget.intercom.io/widget/j0dzii6j:0
[  455153ms] [ERROR] Unrecognized Content-Security-Policy directive 'prefetch-src'. @ https://app.aikido.dev/settings/integrations:0
[  455987ms] [ERROR] Loading the image 'https://github.com/' violates the following Content Security Policy directive: "img-src 'self' data: blob: https://site-admin-avatar-cdn.prod.public.atl-paas.net/avatars/ https://api.atlassian.com/ex/jira/ https://static.intercomassets.com https://avatar-management--avatars.us-west-2.prod.public.atl-paas.net/ https://aikido-production-staticfiles-public.s3.eu-west-1.amazonaws.com/flags/ https://public.linear.app/3e49ffe7-6d8a-4461-87e6-51db22880264/b56a87f8-51d0-4b41-804e-9df63b3cafe7 https://*.intercomcdn.com https://static.intercomassets.com https://js.intercomcdn.com https://avatars.githubusercontent.com https://cdn.aikido.dev https://secure.gravatar.com https://track-eu1.hubspot.com/". The action has been blocked. @ https://app.aikido.dev/settings/integrations:0
[  456105ms] [ERROR] Failed to load resource: the server responded with a status of 404 () @ https://app.aikido.dev/api/integrations/continuous_integration/token?disable_toasts=true:0
[  456109ms] [ERROR] Failed to load resource: the server responded with a status of 404 () @ https://app.aikido.dev/api/sonarqube/getSonarQubeInstance?disable_toasts=true:0
[  456129ms] [ERROR] [Vue warn]: Error in c: "AxiosError: Request failed with status code 404"

(found in <Anonymous>) @ https://cdn.aikido.dev/assets/index-7a688df6.js:29
[  456190ms] [ERROR] Unrecognized Content-Security-Policy directive 'prefetch-src'. @ https://widget.intercom.io/widget/j0dzii6j:0
[  456190ms] [ERROR] Unrecognized Content-Security-Policy directive 'prefetch-src'. @ https://widget.intercom.io/widget/j0dzii6j:0
[  457616ms] [ERROR] Unrecognized Content-Security-Policy directive 'prefetch-src'. @ https://app.aikido.dev/settings/advanced:0
[  458151ms] [ERROR] Loading the image 'https://github.com/' violates the following Content Security Policy directive: "img-src 'self' data: blob: https://site-admin-avatar-cdn.prod.public.atl-paas.net/avatars/ https://api.atlassian.com/ex/jira/ https://static.intercomassets.com https://avatar-management--avatars.us-west-2.prod.public.atl-paas.net/ https://aikido-production-staticfiles-public.s3.eu-west-1.amazonaws.com/flags/ https://public.linear.app/3e49ffe7-6d8a-4461-87e6-51db22880264/b56a87f8-51d0-4b41-804e-9df63b3cafe7 https://*.intercomcdn.com https://static.intercomassets.com https://js.intercomcdn.com https://avatars.githubusercontent.com https://cdn.aikido.dev https://secure.gravatar.com https://track-eu1.hubspot.com/". The action has been blocked. @ https://app.aikido.dev/settings/advanced:0
[  458272ms] [ERROR] Unrecognized Content-Security-Policy directive 'prefetch-src'. @ https://widget.intercom.io/widget/j0dzii6j:0
[  458272ms] [ERROR] Unrecognized Content-Security-Policy directive 'prefetch-src'. @ https://widget.intercom.io/widget/j0dzii6j:0
[  460152ms] [ERROR] Unrecognized Content-Security-Policy directive 'prefetch-src'. @ https://app.aikido.dev/reports:0
[  460799ms] [ERROR] Unrecognized Content-Security-Policy directive 'prefetch-src'. @ https://widget.intercom.io/widget/j0dzii6j:0
[  460800ms] [ERROR] Unrecognized Content-Security-Policy directive 'prefetch-src'. @ https://widget.intercom.io/widget/j0dzii6j:0
[  572576ms] [ERROR] Unrecognized Content-Security-Policy directive 'prefetch-src'. @ https://app.aikido.dev/clouds:0
[  573483ms] [ERROR] Unrecognized Content-Security-Policy directive 'prefetch-src'. @ https://widget.intercom.io/widget/j0dzii6j:0
[  573484ms] [ERROR] Unrecognized Content-Security-Policy directive 'prefetch-src'. @ https://widget.intercom.io/widget/j0dzii6j:0
[  575051ms] [ERROR] Unrecognized Content-Security-Policy directive 'prefetch-src'. @ https://app.aikido.dev/containers:0
[  575615ms] [ERROR] Unrecognized Content-Security-Policy directive 'prefetch-src'. @ https://widget.intercom.io/widget/j0dzii6j:0
[  575615ms] [ERROR] Unrecognized Content-Security-Policy directive 'prefetch-src'. @ https://widget.intercom.io/widget/j0dzii6j:0
[  577580ms] [ERROR] Unrecognized Content-Security-Policy directive 'prefetch-src'. @ https://app.aikido.dev/domains:0
[  578123ms] [ERROR] Unrecognized Content-Security-Policy directive 'prefetch-src'. @ https://widget.intercom.io/widget/j0dzii6j:0
[  578123ms] [ERROR] Unrecognized Content-Security-Policy directive 'prefetch-src'. @ https://widget.intercom.io/widget/j0dzii6j:0
[  580107ms] [ERROR] Unrecognized Content-Security-Policy directive 'prefetch-src'. @ https://app.aikido.dev/runtime/services:0
[  580660ms] [ERROR] Unrecognized Content-Security-Policy directive 'prefetch-src'. @ https://widget.intercom.io/widget/j0dzii6j:0
[  580660ms] [ERROR] Unrecognized Content-Security-Policy directive 'prefetch-src'. @ https://widget.intercom.io/widget/j0dzii6j:0
[  582655ms] [ERROR] Unrecognized Content-Security-Policy directive 'prefetch-src'. @ https://app.aikido.dev/code-quality:0
[  583305ms] [ERROR] Unrecognized Content-Security-Policy directive 'prefetch-src'. @ https://widget.intercom.io/widget/j0dzii6j:0
[  583306ms] [ERROR] Unrecognized Content-Security-Policy directive 'prefetch-src'. @ https://widget.intercom.io/widget/j0dzii6j:0
[  583308ms] [WARNING] WebSocket connection to 'wss://ws-eu.pusher.com/app/eaa9d745146de6e82517?protocol=7&client=js&version=7.5.0&flash=false' failed: WebSocket is closed before the connection is established. @ https://cdn.aikido.dev/assets/index-7a688df6.js:71
