[     159ms] [ERROR] Unrecognized Content-Security-Policy directive 'prefetch-src'. @ https://app.aikido.dev/:0
[     941ms] [ERROR] Unrecognized Content-Security-Policy directive 'prefetch-src'. @ https://widget.intercom.io/widget/j0dzii6j:0
[     941ms] [ERROR] Unrecognized Content-Security-Policy directive 'prefetch-src'. @ https://widget.intercom.io/widget/j0dzii6j:0
[    7844ms] [ERROR] Unrecognized Content-Security-Policy directive 'prefetch-src'. @ https://js.intercomcdn.com/vendor-modern.ce930dee.js:1
[    7844ms] [ERROR] Unrecognized Content-Security-Policy directive 'prefetch-src'. @ https://js.intercomcdn.com/vendor-modern.ce930dee.js:1
[    7873ms] [ERROR] Unrecognized Content-Security-Policy directive 'prefetch-src'. @ https://js.intercomcdn.com/vendor-modern.ce930dee.js:1
[    7874ms] [ERROR] Unrecognized Content-Security-Policy directive 'prefetch-src'. @ https://js.intercomcdn.com/vendor-modern.ce930dee.js:1
[   65637ms] [ERROR] Unrecognized Content-Security-Policy directive 'prefetch-src'. @ https://app.aikido.dev/callback/google/userAuth?state=kpfn1YuV591liqtZUQfQ&iss=https%3A%2F%2Faccounts.google.com&code=4%2F0AfrIepB8H40uIW4lnWkDpR7REIOJ9yRGi5JGF33zH4aXb-_Z1kGUpMS7TxS-fYw27rg5oA&scope=email+profile+https%3A%2F%2Fwww.googleapis.com%2Fauth%2Fuserinfo.profile+https%3A%2F%2Fwww.googleapis.com%2Fauth%2Fuserinfo.email+openid&authuser=0&prompt=consent:0
[   66487ms] [ERROR] Unrecognized Content-Security-Policy directive 'prefetch-src'. @ https://app.aikido.dev/onboarding:0
[   66838ms] [ERROR] Failed to load resource: the server responded with a status of 499 () @ https://app.aikido.dev/api/integrations/status:0
[   66839ms] [ERROR] Failed to load resource: the server responded with a status of 499 () @ https://app.aikido.dev/api/integrations/continuous_integration/gitlab/checks/installationStatus?disable_toasts=true:0
[   66840ms] [ERROR] Failed to load resource: the server responded with a status of 499 () @ https://app.aikido.dev/api/wallet/getWalletInfo:0
[   66841ms] [ERROR] Failed to load resource: the server responded with a status of 499 () @ https://app.aikido.dev/api/integrations/issue_trackers/status:0
[   66841ms] [ERROR] Failed to load resource: the server responded with a status of 499 () @ https://app.aikido.dev/api/integrations/continuous_integration/github/checks/installationStatus?disable_toasts=true:0
[   66842ms] [ERROR] Failed to load resource: the server responded with a status of 499 () @ https://app.aikido.dev/api/integrations/continuous_integration/bitbucket/checks/installationStatus?disable_toasts=true:0
[   66858ms] [ERROR] Failed to load resource: the server responded with a status of 499 () @ https://app.aikido.dev/api/integrations/continuous_integration/azure-devops/checks/installationStatus?disable_toasts=true:0
[   66869ms] [ERROR] Failed to load resource: the server responded with a status of 499 () @ https://app.aikido.dev/api/accounts/getScanFrequency:0
[   66880ms] [ERROR] Failed to load resource: the server responded with a status of 499 () @ https://app.aikido.dev/api/integrations/issue_trackers/list:0
[   66949ms] [ERROR] Unrecognized Content-Security-Policy directive 'prefetch-src'. @ https://widget.intercom.io/widget/j0dzii6j:0
[   66949ms] [ERROR] Unrecognized Content-Security-Policy directive 'prefetch-src'. @ https://widget.intercom.io/widget/j0dzii6j:0
[   67049ms] [ERROR] Failed to load resource: the server responded with a status of 400 () @ https://app.aikido.dev/api/auth/saml/url?email=sparkeiz684%40gmail.com&disable_toasts=true:0
[   67054ms] [ERROR] Unrecognized Content-Security-Policy directive 'prefetch-src'. @ https://cdn.aikido.dev/assets/index-655f016f.js:36
[   67118ms] [ERROR] Loading the script 'https://js-eu1.hscollectedforms.net/collectedforms.js' violates the following Content Security Policy directive: "script-src 'self' https://widget.intercom.io https://js.intercomcdn.com 'sha256-dAMs3/Yp2SSUrhzjwbwLmPPB0soj/thHemUrM4u00O8=' https://cdn.aikido.dev https://js-eu1.hs-scripts.com https://js-eu1.hs-banner.com https://js-eu1.hubspot.com https://js-eu1.hs-analytics.net 'sha256-1e5RR2OpHhuX2h0Bat19DsNTmqbo4M3T1pqfeTXCHaA='". Note that 'script-src-elem' was not explicitly set, so 'script-src' is used as a fallback. The action has been blocked. @ https://js-eu1.hs-scripts.com/26076760.js:7
[   67119ms] [ERROR] Loading the script 'https://js-eu1.hsadspixel.net/pixels.js' violates the following Content Security Policy directive: "script-src 'self' https://widget.intercom.io https://js.intercomcdn.com 'sha256-dAMs3/Yp2SSUrhzjwbwLmPPB0soj/thHemUrM4u00O8=' https://cdn.aikido.dev https://js-eu1.hs-scripts.com https://js-eu1.hs-banner.com https://js-eu1.hubspot.com https://js-eu1.hs-analytics.net 'sha256-1e5RR2OpHhuX2h0Bat19DsNTmqbo4M3T1pqfeTXCHaA='". Note that 'script-src-elem' was not explicitly set, so 'script-src' is used as a fallback. The action has been blocked. @ https://js-eu1.hs-scripts.com/26076760.js:9
[   67229ms] [ERROR] Unrecognized Content-Security-Policy directive 'prefetch-src'. @ https://js-eu1.hs-analytics.net/analytics/1773155700000/26076760.js:23
[   67230ms] [ERROR] Unrecognized Content-Security-Policy directive 'prefetch-src'. @ https://js-eu1.hs-analytics.net/analytics/1773155700000/26076760.js:23
[   67233ms] [ERROR] Unrecognized Content-Security-Policy directive 'prefetch-src'. @ https://js-eu1.hs-analytics.net/analytics/1773155700000/26076760.js:23
[   67493ms] [ERROR] Loading the image 'https://perf-eu1.hsforms.com/embed/v3/counters.gif?key=config-loaded-success&value=1' violates the following Content Security Policy directive: "img-src 'self' data: blob: https://site-admin-avatar-cdn.prod.public.atl-paas.net/avatars/ https://api.atlassian.com/ex/jira/ https://static.intercomassets.com https://avatar-management--avatars.us-west-2.prod.public.atl-paas.net/ https://aikido-production-staticfiles-public.s3.eu-west-1.amazonaws.com/flags/ https://public.linear.app/3e49ffe7-6d8a-4461-87e6-51db22880264/b56a87f8-51d0-4b41-804e-9df63b3cafe7 https://*.intercomcdn.com https://static.intercomassets.com https://js.intercomcdn.com https://avatars.githubusercontent.com https://cdn.aikido.dev https://secure.gravatar.com https://track-eu1.hubspot.com/". The action has been blocked. @ https://app.aikido.dev/onboarding/self-managed/select-onboarding-type:0
[   67639ms] ReferenceError: dreamdata is not defined
    at <anonymous>:1:1
    at https://ss.aikido.dev/hvtlgcck.js?st=TRNDV9B:988:429
    at lR (https://ss.aikido.dev/hvtlgcck.js?st=TRNDV9B:990:31)
    at Od.kR (https://ss.aikido.dev/hvtlgcck.js?st=TRNDV9B:987:92)
    at Od.<anonymous> (https://ss.aikido.dev/hvtlgcck.js?st=TRNDV9B:396:187)
    at k.apply (https://ss.aikido.dev/hvtlgcck.js?st=TRNDV9B:322:466)
    at kb (https://ss.aikido.dev/hvtlgcck.js?st=TRNDV9B:285:209)
    at jb (https://ss.aikido.dev/hvtlgcck.js?st=TRNDV9B:284:527)
    at Od.<anonymous> (https://ss.aikido.dev/hvtlgcck.js?st=TRNDV9B:346:473)
    at k.apply (https://ss.aikido.dev/hvtlgcck.js?st=TRNDV9B:322:466)
[   67640ms] Uncaught [object Object]
    at error (https://ss.aikido.dev/hvtlgcck.js?st=TRNDV9B:245:503)
    at c.l.onerror (https://ss.aikido.dev/hvtlgcck.js?st=TRNDV9B:254:160)
    at <anonymous> (https://ss.aikido.dev/hvtlgcck.js?st=TRNDV9B:987:428)
    at lR (https://ss.aikido.dev/hvtlgcck.js?st=TRNDV9B:989:30)
    at kR (https://ss.aikido.dev/hvtlgcck.js?st=TRNDV9B:986:91)
    at <anonymous> (https://ss.aikido.dev/hvtlgcck.js?st=TRNDV9B:395:186)
    at k.apply (https://ss.aikido.dev/hvtlgcck.js?st=TRNDV9B:321:465)
    at kb (https://ss.aikido.dev/hvtlgcck.js?st=TRNDV9B:284:208)
    at jb (https://ss.aikido.dev/hvtlgcck.js?st=TRNDV9B:283:526)
    at <anonymous> (https://ss.aikido.dev/hvtlgcck.js?st=TRNDV9B:345:472)
    at k.apply (https://ss.aikido.dev/hvtlgcck.js?st=TRNDV9B:321:465)
    at kb (https://ss.aikido.dev/hvtlgcck.js?st=TRNDV9B:284:208)
    at k.rq (https://ss.aikido.dev/hvtlgcck.js?st=TRNDV9B:286:116)
    at yf (https://ss.aikido.dev/hvtlgcck.js?st=TRNDV9B:356:959)
    at <anonymous> (https://ss.aikido.dev/hvtlgcck.js?st=TRNDV9B:843:314)
    at xg (https://ss.aikido.dev/hvtlgcck.js?st=TRNDV9B:376:476)
    at e (https://ss.aikido.dev/hvtlgcck.js?st=TRNDV9B:782:229)
    at <anonymous> (https://ss.aikido.dev/hvtlgcck.js?st=TRNDV9B:290:124)
    at <anonymous> (https://ss.aikido.dev/hvtlgcck.js?st=TRNDV9B:783:413)
    at <anonymous> (https://ss.aikido.dev/hvtlgcck.js?st=TRNDV9B:783:153)
    at dB (https://ss.aikido.dev/hvtlgcck.js?st=TRNDV9B:783:873)
    at hB (https://ss.aikido.dev/hvtlgcck.js?st=TRNDV9B:788:116)
    at AC (https://ss.aikido.dev/hvtlgcck.js?st=TRNDV9B:816:326)
    at CC (https://ss.aikido.dev/hvtlgcck.js?st=TRNDV9B:818:46)
[   68545ms] [ERROR] Attestation check for Attribution Reporting on https://www.facebook.com failed. @ https://app.aikido.dev/onboarding/self-managed/select-onboarding-type:0
[   85759ms] [ERROR] Failed to load resource: the server responded with a status of 403 () @ https://gitlab.com/users/sign_in:0
[   86474ms] [ERROR] Failed to load resource: the server responded with a status of 401 () @ https://challenges.cloudflare.com/cdn-cgi/challenge-platform/h/g/pat/9da3b2e64c9a02e1/1773160172764/1d48d43e6f71e074a733d347cac59140e4838402419db59d3385c9b9cc81d3f4/Fkhq_a5NY-50H3A:0
[   86786ms] [ERROR] %c%d font-size:0;color:transparent NaN @ https://challenges.cloudflare.com/cdn-cgi/challenge-platform/h/g/turnstile/f/ov2/av0/rch/4izn7/0x4AAAAAAADnPIDROrmt1Wwj/light/fbE/new/normal?lang=auto:0
[   86786ms] [ERROR] %c%d font-size:0;color:transparent NaN @ https://challenges.cloudflare.com/cdn-cgi/challenge-platform/h/g/turnstile/f/ov2/av0/rch/4izn7/0x4AAAAAAADnPIDROrmt1Wwj/light/fbE/new/normal?lang=auto:0
[   86787ms] [WARNING] %c%d font-size:0;color:transparent NaN @ https://challenges.cloudflare.com/cdn-cgi/challenge-platform/h/g/turnstile/f/ov2/av0/rch/4izn7/0x4AAAAAAADnPIDROrmt1Wwj/light/fbE/new/normal?lang=auto:0
[   86787ms] [WARNING] %c%d font-size:0;color:transparent NaN @ https://challenges.cloudflare.com/cdn-cgi/challenge-platform/h/g/turnstile/f/ov2/av0/rch/4izn7/0x4AAAAAAADnPIDROrmt1Wwj/light/fbE/new/normal?lang=auto:0
[   86848ms] [ERROR]  Note that 'script-src' was not explicitly set, so 'default-src' is used as a fallback. @ https://challenges.cloudflare.com/cdn-cgi/challenge-platform/h/g/turnstile/f/ov2/av0/rch/4izn7/0x4AAAAAAADnPIDROrmt1Wwj/light/fbE/new/normal?lang=auto:0
[   91858ms] [ERROR] Failed to load resource: the server responded with a status of 422 () @ https://gitlab.com/users/auth/google_oauth2/callback?state=94a2d923314b0f43f74f248b844e9d189c58cbb6b7d927b1&iss=https%3A%2F%2Faccounts.google.com&code=4%2F0AfrIepBvbdkHd9MkyZoU_qY9rvigHwkcVRfs9ELYzMorScUVkwkdly851z2FR0xfEayozA&scope=email+profile+https%3A%2F%2Fwww.googleapis.com%2Fauth%2Fuserinfo.email+openid+https%3A%2F%2Fwww.googleapis.com%2Fauth%2Fuserinfo.profile&authuser=0&prompt=none:0
[   97746ms] [ERROR] Unrecognized Content-Security-Policy directive 'prefetch-src'. @ https://app.aikido.dev/onboarding/self-managed/select-onboarding-type:0
[   98291ms] [ERROR] Failed to load resource: the server responded with a status of 499 () @ https://app.aikido.dev/api/integrations/issue_trackers/status:0
[   98295ms] [ERROR] Failed to load resource: the server responded with a status of 499 () @ https://app.aikido.dev/api/integrations/continuous_integration/gitlab/checks/installationStatus?disable_toasts=true:0
[   98297ms] [ERROR] Failed to load resource: the server responded with a status of 499 () @ https://app.aikido.dev/api/integrations/issue_trackers/list:0
[   98298ms] [ERROR] Failed to load resource: the server responded with a status of 499 () @ https://app.aikido.dev/api/integrations/continuous_integration/azure-devops/checks/installationStatus?disable_toasts=true:0
[   98298ms] [ERROR] Failed to load resource: the server responded with a status of 499 () @ https://app.aikido.dev/api/integrations/status:0
[   98298ms] [ERROR] Failed to load resource: the server responded with a status of 499 () @ https://app.aikido.dev/api/wallet/getWalletInfo:0
[   98310ms] [ERROR] Failed to load resource: the server responded with a status of 499 () @ https://app.aikido.dev/api/integrations/continuous_integration/bitbucket/checks/installationStatus?disable_toasts=true:0
[   98318ms] [ERROR] Failed to load resource: the server responded with a status of 499 () @ https://app.aikido.dev/api/integrations/continuous_integration/github/checks/installationStatus?disable_toasts=true:0
[   98319ms] [ERROR] Failed to load resource: the server responded with a status of 499 () @ https://app.aikido.dev/api/accounts/getScanFrequency:0
[   98469ms] [ERROR] Failed to load resource: the server responded with a status of 400 () @ https://app.aikido.dev/api/auth/saml/url?email=sparkeiz684%40gmail.com&disable_toasts=true:0
[   98472ms] [ERROR] Unrecognized Content-Security-Policy directive 'prefetch-src'. @ https://cdn.aikido.dev/assets/index-655f016f.js:36
[   98707ms] [ERROR] Unrecognized Content-Security-Policy directive 'prefetch-src'. @ https://widget.intercom.io/widget/j0dzii6j:0
[   98708ms] [ERROR] Unrecognized Content-Security-Policy directive 'prefetch-src'. @ https://widget.intercom.io/widget/j0dzii6j:0
[  104874ms] [ERROR] Unrecognized Content-Security-Policy directive 'prefetch-src'. @ https://cdn.aikido.dev/assets/index-655f016f.js:36
[  105136ms] ReferenceError: gtag is not defined
    at <anonymous>:1:1
    at https://ss.aikido.dev/hvtlgcck.js?st=TRNDV9B:988:429
    at https://ss.aikido.dev/hvtlgcck.js?st=TRNDV9B:989:132
    at lR (https://ss.aikido.dev/hvtlgcck.js?st=TRNDV9B:990:31)
    at Od.kR (https://ss.aikido.dev/hvtlgcck.js?st=TRNDV9B:987:92)
    at Od.<anonymous> (https://ss.aikido.dev/hvtlgcck.js?st=TRNDV9B:396:187)
    at k.apply (https://ss.aikido.dev/hvtlgcck.js?st=TRNDV9B:322:466)
    at kb (https://ss.aikido.dev/hvtlgcck.js?st=TRNDV9B:285:209)
    at jb (https://ss.aikido.dev/hvtlgcck.js?st=TRNDV9B:284:527)
    at Od.<anonymous> (https://ss.aikido.dev/hvtlgcck.js?st=TRNDV9B:346:473)
[  105136ms] ReferenceError: dreamdata is not defined
    at <anonymous>:1:1
    at https://ss.aikido.dev/hvtlgcck.js?st=TRNDV9B:988:429
    at lR (https://ss.aikido.dev/hvtlgcck.js?st=TRNDV9B:990:31)
    at Od.kR (https://ss.aikido.dev/hvtlgcck.js?st=TRNDV9B:987:92)
    at Od.<anonymous> (https://ss.aikido.dev/hvtlgcck.js?st=TRNDV9B:396:187)
    at k.apply (https://ss.aikido.dev/hvtlgcck.js?st=TRNDV9B:322:466)
    at kb (https://ss.aikido.dev/hvtlgcck.js?st=TRNDV9B:285:209)
    at jb (https://ss.aikido.dev/hvtlgcck.js?st=TRNDV9B:284:527)
    at Od.<anonymous> (https://ss.aikido.dev/hvtlgcck.js?st=TRNDV9B:346:473)
    at k.apply (https://ss.aikido.dev/hvtlgcck.js?st=TRNDV9B:322:466)
[  105686ms] [ERROR] Attestation check for Attribution Reporting on https://www.facebook.com failed. @ https://app.aikido.dev/onboarding/demo/finish:0
[  107304ms] [ERROR] Attestation check for Attribution Reporting on https://region1.google-analytics.com failed. @ https://app.aikido.dev/onboarding/demo/finish:0
